
Showing logs for build [32mcb-kubecd-environment-pr-177-10-lksst-1[0m stage [32mfrom-build-pack[0m and container [32mstep-credential-initializer-w2qtv[0m
{"level":"warn","ts":1583722641.6760874,"logger":"fallback-logger","caller":"logging/config.go:69","msg":"Fetch GitHub commit ID from kodata failed: \"ref: refs/heads/0.8.0-**-support-backwards-incompats\" is not a valid GitHub commit ID"}
{"level":"info","ts":1583722641.6770968,"logger":"fallback-logger","caller":"creds-init/main.go:40","msg":"Credentials initialized."}

Showing logs for build [32mcb-kubecd-environment-pr-177-10-lksst-1[0m stage [32mfrom-build-pack[0m and container [32mstep-working-dir-initializer-wxst8[0m
{"level":"warn","ts":1583722642.7453945,"logger":"fallback-logger","caller":"logging/config.go:69","msg":"Fetch GitHub commit ID from kodata failed: open /var/run/ko/HEAD: no such file or directory"}
{"level":"info","ts":1583722642.7474182,"logger":"fallback-logger","caller":"bash/main.go:64","msg":"Successfully executed command \"sh -c mkdir -p /workspace/source\"; output "}

Showing logs for build [32mcb-kubecd-environment-pr-177-10-lksst-1[0m stage [32mfrom-build-pack[0m and container [32mstep-place-tools[0m

Showing logs for build [32mcb-kubecd-environment-pr-177-10-lksst-1[0m stage [32mfrom-build-pack[0m and container [32mstep-git-source-cb-kubecd-environment-pr-177-10-lksst-xmxzt[0m
{"level":"warn","ts":1583722647.8705368,"logger":"fallback-logger","caller":"logging/config.go:69","msg":"Fetch GitHub commit ID from kodata failed: \"ref: refs/heads/0.8.0-**-support-backwards-incompats\" is not a valid GitHub commit ID"}
{"level":"info","ts":1583722649.0895576,"logger":"fallback-logger","caller":"git/git.go:103","msg":"Successfully cloned https://github.com/cb-kubecd/environment-pr-177-100-gke-upgrade-staging.git @ master in path /workspace/source"}

Showing logs for build [32mcb-kubecd-environment-pr-177-10-lksst-1[0m stage [32mfrom-build-pack[0m and container [32mstep-git-merge[0m
Using SHAs from PULL_REFS=master:db383cae9215290407289fbe8b2e8b7bcfa5c4f2,1:686193fae6de4018eb7d23bf4480dd29e8514aed
DEBUG: LC_ALL=C JX_LOG_LEVEL=error git fetch origin --unshallow 686193fae6de4018eb7d23bf4480dd29e8514aed: db383cae9215290407289fbe8b2e8b7bcfa5c4f2:
DEBUG: ran git fetch --unshallow origin 686193fae6de4018eb7d23bf4480dd29e8514aed: db383cae9215290407289fbe8b2e8b7bcfa5c4f2: in 
DEBUG: JX_LOG_LEVEL=error LC_ALL=C git branch
DEBUG: LC_ALL=C JX_LOG_LEVEL=error git checkout master
DEBUG: ran git checkout master in 
DEBUG: LC_ALL=C JX_LOG_LEVEL=error git reset --hard db383cae9215290407289fbe8b2e8b7bcfa5c4f2
DEBUG: ran git reset --hard db383cae9215290407289fbe8b2e8b7bcfa5c4f2 in 
DEBUG: LC_ALL=C JX_LOG_LEVEL=error git clean -fd .
DEBUG: ran clean --force -d . in 
DEBUG: LC_ALL=C JX_LOG_LEVEL=error git merge 686193fae6de4018eb7d23bf4480dd29e8514aed
DEBUG: ran git merge 686193fae6de4018eb7d23bf4480dd29e8514aed in 
DEBUG: LC_ALL=C JX_LOG_LEVEL=error git log --format=%H%x1f%an%x1f%ae%x1f%cn%x1f%ce%x1f%s%n%b%x1e db383cae9215290407289fbe8b2e8b7bcfa5c4f2..HEAD
Merged SHA 686193fae6de4018eb7d23bf4480dd29e8514aed with commit message 'chore: Promote bdd-spring-1583722275 to version 0.0.1' into base branch master

Showing logs for build [32mcb-kubecd-environment-pr-177-10-lksst-1[0m stage [32mfrom-build-pack[0m and container [32mstep-build-helm-build[0m
WARNING: No $CHART_REPOSITORY defined so using the default value of: http://jenkins-x-chartmuseum:8080
Adding missing Helm repo: storage.googleapis.com https://storage.googleapis.com/chartmuseum.jenkins-x.io
WARNING: No secrets found on "helm/repos" due: reading the secret "helm/repos" from vault: no secret "helm/repos" not found in vault
Read credentials for https://storage.googleapis.com/chartmuseum.jenkins-x.io from vault helm/repos
Successfully added Helm repository storage.googleapis.com.
Adding missing Helm repo: jenkins-x-chartmuseum http://jenkins-x-chartmuseum:8080
WARNING: No secrets found on "helm/repos" due: reading the secret "helm/repos" from vault: no secret "helm/repos" not found in vault
Read credentials for http://jenkins-x-chartmuseum:8080 from vault helm/repos
Successfully added Helm repository jenkins-x-chartmuseum.
WARNING: No $CHART_REPOSITORY defined so using the default value of: http://jenkins-x-chartmuseum:8080
Adding missing Helm repo: chartmuseum.jenkins-x.io http://chartmuseum.jenkins-x.io
WARNING: No secrets found on "helm/repos" due: reading the secret "helm/repos" from vault: no secret "helm/repos" not found in vault
Read credentials for http://chartmuseum.jenkins-x.io from vault helm/repos
Successfully added Helm repository chartmuseum.jenkins-x.io.
